<?xml version="1.0" encoding="UTF-8"?>
<!-- Generated by org.testng.reporters.JUnitXMLReporter -->
<testsuite ignored="0" hostname="LAPTOP-NJTHLN62" failures="2" tests="2" name="MethodLevel(failed)(failed)(failed)" time="1.847" errors="0" timestamp="2024-06-20T10:11:42 IST">
  <testcase classname="class_54_TestNGParallelExecution.MyRegressionTest" name="NegativeLoginTesting" time="1.658">
    <failure type="java.lang.AssertionError" message="expected [Email and Password is required] but found [Invalid Email or Password]">
      <![CDATA[java.lang.AssertionError: expected [Email and Password is required] but found [Invalid Email or Password]
at class_54_TestNGParallelExecution.MyRegressionTest.NegativeLoginTesting(MyRegressionTest.java:34)
at java.base/java.util.concurrent.Executors$RunnableAdapter.call(Executors.java:539)
at java.base/java.util.concurrent.FutureTask.run(FutureTask.java:264)
at java.base/java.util.concurrent.ThreadPoolExecutor.runWorker(ThreadPoolExecutor.java:1136)
at java.base/java.util.concurrent.ThreadPoolExecutor$Worker.run(ThreadPoolExecutor.java:635)
at java.base/java.lang.Thread.run(Thread.java:840)
... Removed 19 stack frames]]>
    </failure>
  </testcase> <!-- NegativeLoginTesting -->
  <testcase classname="class_54_TestNGParallelExecution.MyRegressionTest" name="SocialMediaLinksVerification" time="0.151">
    <failure type="java.lang.AssertionError" message="expected [https://www.youtube.com/MukeshOtwani] but found [false]">
      <![CDATA[java.lang.AssertionError: expected [https://www.youtube.com/MukeshOtwani] but found [false]
at class_54_TestNGParallelExecution.MyRegressionTest.SocialMediaLinksVerification(MyRegressionTest.java:47)
at java.base/java.util.concurrent.Executors$RunnableAdapter.call(Executors.java:539)
at java.base/java.util.concurrent.FutureTask.run(FutureTask.java:264)
at java.base/java.util.concurrent.ThreadPoolExecutor.runWorker(ThreadPoolExecutor.java:1136)
at java.base/java.util.concurrent.ThreadPoolExecutor$Worker.run(ThreadPoolExecutor.java:635)
at java.base/java.lang.Thread.run(Thread.java:840)
... Removed 18 stack frames]]>
    </failure>
  </testcase> <!-- SocialMediaLinksVerification -->
</testsuite> <!-- MethodLevel(failed)(failed)(failed) -->
